mode: atomic
oro/internal/version/version.go:8.22,10.2 1 1
oro/pkg/codesearch/bypass.go:31.41,33.37 1 21
oro/pkg/codesearch/bypass.go:33.37,35.3 1 4
oro/pkg/codesearch/bypass.go:38.2,38.43 1 17
oro/pkg/codesearch/bypass.go:38.43,40.3 1 3
oro/pkg/codesearch/bypass.go:43.2,43.33 1 14
oro/pkg/codesearch/bypass.go:43.33,45.3 1 2
oro/pkg/codesearch/bypass.go:48.2,48.32 1 12
oro/pkg/codesearch/bypass.go:48.32,50.3 1 2
oro/pkg/codesearch/bypass.go:53.2,53.35 1 10
oro/pkg/codesearch/bypass.go:53.35,55.3 1 7
oro/pkg/codesearch/bypass.go:57.2,57.14 1 3
oro/pkg/codesearch/bypass.go:61.36,63.2 1 14
oro/pkg/codesearch/bypass.go:66.35,68.2 1 12
oro/pkg/codesearch/bypass.go:71.36,72.13 1 10
oro/pkg/codesearch/bypass.go:74.57,75.14 1 7
oro/pkg/codesearch/bypass.go:77.2,77.14 1 3
oro/pkg/codesearch/bypass.go:81.38,83.23 2 10
oro/pkg/codesearch/bypass.go:83.23,85.3 1 7
oro/pkg/codesearch/bypass.go:87.2,88.50 2 3
oro/pkg/codesearch/summarize.go:18.49,19.41 1 6
oro/pkg/codesearch/summarize.go:19.41,21.3 1 1
oro/pkg/codesearch/summarize.go:23.2,25.16 3 5
oro/pkg/codesearch/summarize.go:25.16,27.3 1 2
oro/pkg/codesearch/summarize.go:29.2,38.24 8 3
oro/pkg/codesearch/summarize.go:42.55,43.28 1 3
oro/pkg/codesearch/summarize.go:43.28,45.3 1 0
oro/pkg/codesearch/summarize.go:46.2,47.35 2 3
oro/pkg/codesearch/summarize.go:47.35,48.12 1 30
oro/pkg/codesearch/summarize.go:48.12,50.4 1 27
oro/pkg/codesearch/summarize.go:51.3,51.45 1 30
oro/pkg/codesearch/summarize.go:51.45,53.4 1 0
oro/pkg/codesearch/summarize.go:54.3,54.32 1 30
oro/pkg/codesearch/summarize.go:56.2,56.19 1 3
oro/pkg/codesearch/summarize.go:60.108,62.34 2 6
oro/pkg/codesearch/summarize.go:62.34,64.32 2 306
oro/pkg/codesearch/summarize.go:64.32,65.12 1 294
oro/pkg/codesearch/summarize.go:67.3,67.38 1 12
oro/pkg/codesearch/summarize.go:67.38,69.11 2 12
oro/pkg/codesearch/summarize.go:69.11,70.13 1 0
oro/pkg/codesearch/summarize.go:72.4,74.22 3 12
oro/pkg/codesearch/summarize.go:74.22,76.5 1 0
oro/pkg/codesearch/summarize.go:77.4,77.34 1 12
oro/pkg/codesearch/summarize.go:77.34,78.14 1 12
oro/pkg/codesearch/summarize.go:78.14,81.6 2 6
oro/pkg/codesearch/summarize.go:82.5,82.71 1 12
oro/pkg/codesearch/summarize.go:90.74,94.34 3 3
oro/pkg/codesearch/summarize.go:94.34,96.39 2 153
oro/pkg/codesearch/summarize.go:96.39,97.12 1 120
oro/pkg/codesearch/summarize.go:99.3,99.38 1 33
oro/pkg/codesearch/summarize.go:99.38,101.11 2 33
oro/pkg/codesearch/summarize.go:101.11,102.13 1 0
oro/pkg/codesearch/summarize.go:104.4,104.37 1 33
oro/pkg/codesearch/summarize.go:104.37,106.13 2 9
oro/pkg/codesearch/summarize.go:108.4,109.57 2 24
oro/pkg/codesearch/summarize.go:113.2,113.48 1 3
oro/pkg/codesearch/summarize.go:113.48,115.3 1 0
oro/pkg/codesearch/summarize.go:116.2,117.29 2 3
oro/pkg/codesearch/summarize.go:117.29,120.3 2 24
oro/pkg/codesearch/summarize.go:121.2,121.25 1 3
oro/pkg/codesearch/summarize.go:121.25,123.3 1 3
oro/pkg/codesearch/summarize.go:127.56,128.29 1 24
oro/pkg/codesearch/summarize.go:129.23,130.45 1 18
oro/pkg/codesearch/summarize.go:131.26,132.48 1 3
oro/pkg/codesearch/summarize.go:133.10,134.81 1 3
oro/pkg/codesearch/summarize.go:139.69,141.18 2 18
oro/pkg/codesearch/summarize.go:141.18,143.3 1 0
oro/pkg/codesearch/summarize.go:145.2,146.22 2 18
oro/pkg/codesearch/summarize.go:146.22,148.3 1 9
oro/pkg/codesearch/summarize.go:150.2,150.87 1 9
oro/pkg/codesearch/summarize.go:154.42,155.22 1 18
oro/pkg/codesearch/summarize.go:155.22,157.3 1 0
oro/pkg/codesearch/summarize.go:158.2,158.28 1 18
oro/pkg/codesearch/summarize.go:162.57,164.39 2 18
oro/pkg/codesearch/summarize.go:164.39,166.28 2 72
oro/pkg/codesearch/summarize.go:166.28,169.12 2 0
oro/pkg/codesearch/summarize.go:171.3,171.33 1 72
oro/pkg/codesearch/summarize.go:171.33,172.30 1 72
oro/pkg/codesearch/summarize.go:172.30,174.5 1 36
oro/pkg/codesearch/summarize.go:177.2,177.15 1 18
oro/pkg/codesearch/summarize.go:181.75,182.52 1 3
oro/pkg/codesearch/summarize.go:182.52,184.3 1 0
oro/pkg/codesearch/summarize.go:186.2,188.41 3 3
oro/pkg/codesearch/summarize.go:188.41,189.28 1 6
oro/pkg/codesearch/summarize.go:189.28,190.49 1 6
oro/pkg/codesearch/summarize.go:190.49,192.5 1 6
oro/pkg/codesearch/summarize.go:193.9,195.4 1 0
oro/pkg/codesearch/summarize.go:197.2,198.20 2 3
oro/pkg/codesearch/summarize.go:203.78,207.34 3 3
oro/pkg/codesearch/summarize.go:207.34,209.10 2 153
oro/pkg/codesearch/summarize.go:209.10,210.12 1 48
oro/pkg/codesearch/summarize.go:212.3,212.62 1 105
oro/pkg/codesearch/summarize.go:212.62,214.12 2 57
oro/pkg/codesearch/summarize.go:217.3,218.52 2 48
oro/pkg/codesearch/summarize.go:221.2,221.48 1 3
oro/pkg/codesearch/summarize.go:221.48,223.3 1 0
oro/pkg/codesearch/summarize.go:224.2,225.29 2 3
oro/pkg/codesearch/summarize.go:225.29,228.3 2 48
oro/pkg/codesearch/summarize.go:229.2,229.25 1 3
oro/pkg/codesearch/summarize.go:229.25,231.3 1 3
oro/pkg/codesearch/summarize.go:236.48,237.46 1 105
oro/pkg/codesearch/summarize.go:237.46,239.3 1 57
oro/pkg/codesearch/summarize.go:240.2,241.34 2 48
oro/pkg/codesearch/summarize.go:245.52,247.45 2 48
oro/pkg/codesearch/summarize.go:247.45,250.3 2 27
oro/pkg/codesearch/summarize.go:251.2,251.63 1 21
oro/pkg/codesearch/summarize.go:256.45,260.22 3 57
oro/pkg/codesearch/summarize.go:260.22,262.3 1 57
oro/pkg/codesearch/summarize.go:263.2,265.51 2 57
oro/pkg/codesearch/summarize.go:265.51,267.70 2 39
oro/pkg/codesearch/summarize.go:267.70,269.4 1 39
oro/pkg/codesearch/summarize.go:269.9,271.4 1 0
oro/pkg/codesearch/summarize.go:274.2,274.20 1 57
oro/pkg/codesearch/summarize.go:279.48,281.32 2 96
oro/pkg/codesearch/summarize.go:281.32,284.13 3 93
oro/pkg/codesearch/summarize.go:284.13,286.4 1 84
oro/pkg/codesearch/summarize.go:286.9,287.16 1 9
oro/pkg/codesearch/summarize.go:287.16,289.5 1 18
oro/pkg/codesearch/summarize.go:292.2,292.34 1 96
oro/pkg/codesearch/summarize.go:297.41,298.42 1 48
oro/pkg/codesearch/summarize.go:298.42,300.3 1 48
oro/pkg/codesearch/summarize.go:301.2,301.40 1 48
oro/pkg/codesearch/summarize.go:301.40,303.3 1 48
oro/pkg/codesearch/summarize.go:304.2,304.11 1 0
oro/pkg/codesearch/summarize.go:308.46,310.26 2 27
oro/pkg/codesearch/summarize.go:310.26,312.3 1 27
oro/pkg/codesearch/summarize.go:313.2,313.15 1 0
oro/pkg/codesearch/summarize.go:317.39,318.26 1 321
oro/pkg/codesearch/summarize.go:319.18,320.16 1 195
oro/pkg/codesearch/summarize.go:321.21,322.31 1 51
oro/pkg/codesearch/summarize.go:323.25,324.44 1 45
oro/pkg/codesearch/summarize.go:325.22,326.28 1 15
oro/pkg/codesearch/summarize.go:327.20,328.64 1 6
oro/pkg/codesearch/summarize.go:329.26,330.32 1 3
oro/pkg/codesearch/summarize.go:331.21,332.35 1 3
oro/pkg/codesearch/summarize.go:333.21,334.35 1 3
oro/pkg/codesearch/summarize.go:335.21,336.27 1 0
oro/pkg/codesearch/summarize.go:337.21,338.17 1 0
oro/pkg/codesearch/summarize.go:339.22,340.37 1 0
oro/pkg/codesearch/summarize.go:341.10,342.33 1 0
oro/pkg/codesearch/summarize.go:346.47,347.18 1 15
oro/pkg/codesearch/summarize.go:347.18,349.3 1 15
oro/pkg/codesearch/summarize.go:350.2,350.58 1 0
oro/pkg/codesearch/summarize.go:353.55,354.50 1 3
oro/pkg/codesearch/summarize.go:354.50,356.3 1 3
oro/pkg/codesearch/summarize.go:357.2,357.25 1 0
oro/pkg/codesearch/summarize.go:360.45,361.15 1 0
oro/pkg/codesearch/summarize.go:362.16,363.41 1 0
oro/pkg/codesearch/summarize.go:364.16,365.41 1 0
oro/pkg/codesearch/summarize.go:366.10,367.39 1 0
oro/pkg/merge/merge.go:44.40,47.2 1 3
oro/pkg/merge/merge.go:58.49,60.2 1 11
oro/pkg/merge/merge.go:68.78,74.16 4 11
oro/pkg/merge/merge.go:74.16,76.23 1 5
oro/pkg/merge/merge.go:76.23,78.4 1 2
oro/pkg/merge/merge.go:80.3,80.55 1 3
oro/pkg/merge/merge.go:84.2,85.16 2 6
oro/pkg/merge/merge.go:85.16,87.3 1 1
oro/pkg/merge/merge.go:90.2,91.16 2 5
oro/pkg/merge/merge.go:91.16,93.3 1 1
oro/pkg/merge/merge.go:96.2,97.16 2 4
oro/pkg/merge/merge.go:97.16,99.3 1 1
oro/pkg/merge/merge.go:101.2,103.8 1 3
oro/pkg/merge/merge.go:108.102,117.2 3 3
oro/pkg/merge/merge.go:127.49,129.23 2 13
oro/pkg/merge/merge.go:129.23,131.3 1 5
oro/pkg/merge/merge.go:132.2,133.28 2 8
oro/pkg/merge/merge.go:133.28,135.3 1 12
oro/pkg/merge/merge.go:136.2,136.14 1 8
oro/pkg/merge/merge.go:143.119,153.2 7 0
oro/pkg/ops/ops.go:43.30,44.11 1 23
oro/pkg/ops/ops.go:45.30,46.27 1 12
oro/pkg/ops/ops.go:47.17,48.38 1 10
oro/pkg/ops/ops.go:49.10,50.38 1 1
oro/pkg/ops/ops.go:121.48,126.2 1 16
oro/pkg/ops/ops.go:130.78,133.2 2 8
oro/pkg/ops/ops.go:136.91,139.2 2 4
oro/pkg/ops/ops.go:142.78,145.2 2 4
oro/pkg/ops/ops.go:148.47,153.9 4 2
oro/pkg/ops/ops.go:153.9,155.3 1 1
oro/pkg/ops/ops.go:156.2,156.42 1 1
oro/pkg/ops/ops.go:156.42,158.3 1 0
oro/pkg/ops/ops.go:159.2,159.12 1 1
oro/pkg/ops/ops.go:163.37,168.27 4 11
oro/pkg/ops/ops.go:168.27,170.3 1 8
oro/pkg/ops/ops.go:171.2,171.12 1 11
oro/pkg/ops/ops.go:175.105,180.12 3 16
oro/pkg/ops/ops.go:180.12,181.16 1 16
oro/pkg/ops/ops.go:181.16,185.4 3 14
oro/pkg/ops/ops.go:187.3,188.17 2 16
oro/pkg/ops/ops.go:188.17,196.4 2 1
oro/pkg/ops/ops.go:198.3,213.13 6 15
oro/pkg/ops/ops.go:213.13,215.4 1 15
oro/pkg/ops/ops.go:217.3,218.10 2 15
oro/pkg/ops/ops.go:219.25,219.25 0 12
oro/pkg/ops/ops.go:221.21,229.10 3 1
oro/pkg/ops/ops.go:232.3,234.15 3 12
oro/pkg/ops/ops.go:237.2,237.11 1 16
oro/pkg/ops/ops.go:243.77,249.20 2 12
oro/pkg/ops/ops.go:249.20,254.3 4 0
oro/pkg/ops/ops.go:256.2,256.17 1 12
oro/pkg/ops/ops.go:257.17,258.52 1 5
oro/pkg/ops/ops.go:259.16,260.51 1 4
oro/pkg/ops/ops.go:261.20,263.22 1 3
oro/pkg/ops/ops.go:266.2,266.10 1 12
oro/pkg/ops/ops.go:270.74,272.41 2 5
oro/pkg/ops/ops.go:272.41,274.3 1 3
oro/pkg/ops/ops.go:275.2,275.41 1 2
oro/pkg/ops/ops.go:275.41,277.3 1 1
oro/pkg/ops/ops.go:278.2,278.30 1 1
oro/pkg/ops/ops.go:282.73,284.41 2 4
oro/pkg/ops/ops.go:284.41,286.3 1 3
oro/pkg/ops/ops.go:287.2,287.39 1 1
oro/pkg/ops/ops.go:287.39,289.3 1 1
oro/pkg/ops/ops.go:290.2,290.30 1 0
oro/pkg/ops/ops.go:295.53,298.13 3 8
oro/pkg/ops/ops.go:298.13,300.3 1 0
oro/pkg/ops/ops.go:301.2,304.33 3 8
oro/pkg/ops/ops.go:309.48,313.35 4 8
oro/pkg/ops/ops.go:313.35,317.3 3 3
oro/pkg/ops/ops.go:318.2,319.19 2 8
oro/pkg/ops/ops.go:322.46,327.31 5 4
oro/pkg/ops/ops.go:327.31,331.3 3 1
oro/pkg/ops/ops.go:332.2,332.33 1 4
oro/pkg/ops/ops.go:332.33,336.3 3 1
oro/pkg/ops/ops.go:337.2,338.19 2 4
oro/pkg/ops/ops.go:341.49,347.2 5 4
oro/pkg/protocol/directive.go:15.33,16.11 1 8
oro/pkg/protocol/directive.go:17.69,18.14 1 4
oro/pkg/protocol/directive.go:19.10,20.15 1 4
oro/pkg/memory/embed.go:25.30,27.2 1 14
oro/pkg/memory/embed.go:30.37,32.55 2 30
oro/pkg/memory/embed.go:32.55,34.3 1 668
oro/pkg/memory/embed.go:35.2,35.14 1 30
oro/pkg/memory/embed.go:41.49,43.22 2 24
oro/pkg/memory/embed.go:43.22,45.3 1 1
oro/pkg/memory/embed.go:48.2,49.27 2 23
oro/pkg/memory/embed.go:49.27,51.3 1 97
oro/pkg/memory/embed.go:54.2,54.23 1 23
oro/pkg/memory/embed.go:54.23,55.34 1 93
oro/pkg/memory/embed.go:55.34,57.4 1 74
oro/pkg/memory/embed.go:61.2,62.30 2 23
oro/pkg/memory/embed.go:62.30,65.3 2 93
oro/pkg/memory/embed.go:68.2,69.12 2 23
oro/pkg/memory/embed.go:73.36,75.2 1 4
oro/pkg/memory/embed.go:78.31,80.22 2 24
oro/pkg/memory/embed.go:80.22,82.3 1 164
oro/pkg/memory/embed.go:83.2,84.15 2 24
oro/pkg/memory/embed.go:84.15,86.3 1 1
oro/pkg/memory/embed.go:87.2,87.19 1 23
oro/pkg/memory/embed.go:87.19,89.3 1 161
oro/pkg/memory/embed.go:95.47,96.32 1 17
oro/pkg/memory/embed.go:96.32,98.3 1 4
oro/pkg/memory/embed.go:100.2,101.21 2 13
oro/pkg/memory/embed.go:101.21,103.3 1 4
oro/pkg/memory/embed.go:106.2,111.29 5 13
oro/pkg/memory/embed.go:111.29,116.3 4 92
oro/pkg/memory/embed.go:118.2,118.32 1 13
oro/pkg/memory/embed.go:118.32,120.3 1 27
oro/pkg/memory/embed.go:121.2,121.32 1 13
oro/pkg/memory/embed.go:121.32,123.3 1 3
oro/pkg/memory/embed.go:125.2,126.16 2 13
oro/pkg/memory/embed.go:126.16,128.3 1 1
oro/pkg/memory/embed.go:129.2,129.20 1 12
oro/pkg/memory/embed.go:134.43,135.17 1 12
oro/pkg/memory/embed.go:135.17,137.3 1 2
oro/pkg/memory/embed.go:138.2,139.22 2 10
oro/pkg/memory/embed.go:139.22,141.3 1 88
oro/pkg/memory/embed.go:142.2,142.12 1 10
oro/pkg/memory/embed.go:146.48,147.40 1 13
oro/pkg/memory/embed.go:147.40,149.3 1 3
oro/pkg/memory/embed.go:150.2,152.19 3 10
oro/pkg/memory/embed.go:152.19,154.3 1 88
oro/pkg/memory/embed.go:155.2,155.10 1 10
oro/pkg/memory/embed.go:163.60,165.18 2 14
oro/pkg/memory/embed.go:165.18,167.3 1 10
oro/pkg/memory/embed.go:168.2,168.20 1 14
oro/pkg/memory/embed.go:168.20,170.3 1 12
oro/pkg/memory/embed.go:171.2,171.14 1 14
oro/pkg/memory/memory.go:28.34,30.2 1 46
oro/pkg/memory/memory.go:34.42,36.2 1 8
oro/pkg/memory/memory.go:79.39,80.20 1 55
oro/pkg/memory/memory.go:80.20,82.3 1 36
oro/pkg/memory/memory.go:83.2,84.16 2 19
oro/pkg/memory/memory.go:84.16,86.3 1 0
oro/pkg/memory/memory.go:87.2,87.18 1 19
oro/pkg/memory/memory.go:91.38,92.13 1 11
oro/pkg/memory/memory.go:92.13,94.3 1 1
oro/pkg/memory/memory.go:95.2,96.57 2 10
oro/pkg/memory/memory.go:96.57,98.3 1 2
oro/pkg/memory/memory.go:99.2,99.13 1 8
oro/pkg/memory/memory.go:114.76,116.15 2 55
oro/pkg/memory/memory.go:116.15,118.3 1 1
oro/pkg/memory/memory.go:121.2,122.16 2 55
oro/pkg/memory/memory.go:122.16,125.3 1 1
oro/pkg/memory/memory.go:125.8,125.22 1 54
oro/pkg/memory/memory.go:125.22,127.3 1 3
oro/pkg/memory/memory.go:129.2,133.23 3 52
oro/pkg/memory/memory.go:133.23,134.53 1 9
oro/pkg/memory/memory.go:134.53,136.4 1 9
oro/pkg/memory/memory.go:139.2,144.16 2 52
oro/pkg/memory/memory.go:144.16,146.3 1 1
oro/pkg/memory/memory.go:148.2,149.16 2 51
oro/pkg/memory/memory.go:149.16,151.3 1 0
oro/pkg/memory/memory.go:152.2,152.16 1 51
oro/pkg/memory/memory.go:159.101,161.16 2 55
oro/pkg/memory/memory.go:161.16,163.3 1 1
oro/pkg/memory/memory.go:165.2,166.28 2 54
oro/pkg/memory/memory.go:166.28,168.70 2 32
oro/pkg/memory/memory.go:168.70,169.12 1 29
oro/pkg/memory/memory.go:172.3,172.29 1 3
oro/pkg/memory/memory.go:172.29,173.65 1 1
oro/pkg/memory/memory.go:173.65,175.5 1 0
oro/pkg/memory/memory.go:177.3,177.19 1 3
oro/pkg/memory/memory.go:180.2,180.15 1 51
oro/pkg/memory/memory.go:184.44,187.26 3 98
oro/pkg/memory/memory.go:187.26,189.3 1 1070
oro/pkg/memory/memory.go:190.2,190.12 1 98
oro/pkg/memory/memory.go:194.58,195.32 1 38
oro/pkg/memory/memory.go:195.32,197.3 1 1
oro/pkg/memory/memory.go:198.2,199.19 2 37
oro/pkg/memory/memory.go:199.19,200.24 1 132
oro/pkg/memory/memory.go:200.24,202.4 1 69
oro/pkg/memory/memory.go:204.2,205.16 2 37
oro/pkg/memory/memory.go:205.16,207.3 1 0
oro/pkg/memory/memory.go:208.2,208.47 1 37
oro/pkg/memory/memory.go:212.73,214.16 2 84
oro/pkg/memory/memory.go:214.16,216.3 1 9
oro/pkg/memory/memory.go:218.2,221.21 3 84
oro/pkg/memory/memory.go:221.21,224.3 2 2
oro/pkg/memory/memory.go:227.2,241.16 3 84
oro/pkg/memory/memory.go:248.100,249.17 1 85
oro/pkg/memory/memory.go:249.17,251.3 1 1
oro/pkg/memory/memory.go:253.2,255.16 3 84
oro/pkg/memory/memory.go:255.16,257.3 1 4
oro/pkg/memory/memory.go:258.2,258.15 1 80
oro/pkg/memory/memory.go:258.15,258.35 1 80
oro/pkg/memory/memory.go:260.2,261.18 2 80
oro/pkg/memory/memory.go:261.18,263.17 2 65
oro/pkg/memory/memory.go:263.17,265.4 1 0
oro/pkg/memory/memory.go:266.3,266.52 1 65
oro/pkg/memory/memory.go:266.52,267.12 1 1
oro/pkg/memory/memory.go:269.3,269.75 1 64
oro/pkg/memory/memory.go:269.75,270.12 1 1
oro/pkg/memory/memory.go:272.3,272.32 1 63
oro/pkg/memory/memory.go:274.2,274.35 1 80
oro/pkg/memory/memory.go:274.35,276.3 1 0
oro/pkg/memory/memory.go:278.2,279.21 2 80
oro/pkg/memory/memory.go:296.106,297.17 1 8
oro/pkg/memory/memory.go:297.17,299.3 1 1
oro/pkg/memory/memory.go:302.2,306.16 2 7
oro/pkg/memory/memory.go:306.16,308.3 1 1
oro/pkg/memory/memory.go:311.2,311.23 1 6
oro/pkg/memory/memory.go:311.23,313.3 1 1
oro/pkg/memory/memory.go:316.2,318.19 3 5
oro/pkg/memory/memory.go:318.19,321.3 1 0
oro/pkg/memory/memory.go:324.2,326.39 2 5
oro/pkg/memory/memory.go:331.41,332.16 1 12
oro/pkg/memory/memory.go:332.16,334.3 1 1
oro/pkg/memory/memory.go:335.2,336.12 2 12
oro/pkg/memory/memory.go:336.12,338.3 1 1
oro/pkg/memory/memory.go:339.2,339.10 1 12
oro/pkg/memory/memory.go:343.125,344.24 1 5
oro/pkg/memory/memory.go:344.24,346.3 1 0
oro/pkg/memory/memory.go:349.2,358.22 3 5
oro/pkg/memory/memory.go:358.22,361.3 2 1
oro/pkg/memory/memory.go:363.2,364.16 2 5
oro/pkg/memory/memory.go:364.16,366.3 1 0
oro/pkg/memory/memory.go:367.2,367.15 1 5
oro/pkg/memory/memory.go:367.15,367.35 1 5
oro/pkg/memory/memory.go:369.2,375.18 3 5
oro/pkg/memory/memory.go:375.18,377.17 2 8
oro/pkg/memory/memory.go:377.17,379.4 1 0
oro/pkg/memory/memory.go:380.3,381.20 2 8
oro/pkg/memory/memory.go:381.20,382.12 1 0
oro/pkg/memory/memory.go:384.3,385.60 2 8
oro/pkg/memory/memory.go:387.2,387.35 1 5
oro/pkg/memory/memory.go:387.35,389.3 1 0
oro/pkg/memory/memory.go:392.2,392.45 1 5
oro/pkg/memory/memory.go:392.45,394.3 1 4
oro/pkg/memory/memory.go:397.2,397.29 1 5
oro/pkg/memory/memory.go:397.29,399.3 1 0
oro/pkg/memory/memory.go:401.2,402.31 2 5
oro/pkg/memory/memory.go:402.31,406.3 2 8
oro/pkg/memory/memory.go:407.2,407.21 1 5
oro/pkg/memory/memory.go:413.71,422.35 3 5
oro/pkg/memory/memory.go:422.35,424.3 1 6
oro/pkg/memory/memory.go:426.2,426.38 1 5
oro/pkg/memory/memory.go:426.38,427.31 1 8
oro/pkg/memory/memory.go:427.31,429.4 1 6
oro/pkg/memory/memory.go:429.9,431.4 1 2
oro/pkg/memory/memory.go:434.2,435.25 2 5
oro/pkg/memory/memory.go:435.25,438.3 2 8
oro/pkg/memory/memory.go:440.2,441.16 2 5
oro/pkg/memory/memory.go:445.75,447.16 2 6
oro/pkg/memory/memory.go:447.16,449.3 1 0
oro/pkg/memory/memory.go:451.2,452.28 2 6
oro/pkg/memory/memory.go:452.28,453.51 1 9
oro/pkg/memory/memory.go:453.51,454.12 1 1
oro/pkg/memory/memory.go:456.3,456.74 1 8
oro/pkg/memory/memory.go:456.74,457.12 1 0
oro/pkg/memory/memory.go:459.3,460.29 2 8
oro/pkg/memory/memory.go:460.29,461.9 1 0
oro/pkg/memory/memory.go:464.2,464.17 1 6
oro/pkg/memory/memory.go:468.61,476.16 4 73
oro/pkg/memory/memory.go:476.16,478.3 1 0
oro/pkg/memory/memory.go:479.2,479.21 1 73
oro/pkg/memory/memory.go:479.21,481.3 1 18
oro/pkg/memory/memory.go:483.2,484.16 2 73
oro/pkg/memory/memory.go:491.45,493.21 2 88
oro/pkg/memory/memory.go:493.21,495.3 1 1
oro/pkg/memory/memory.go:496.2,497.26 2 87
oro/pkg/memory/memory.go:497.26,499.42 1 560
oro/pkg/memory/memory.go:499.42,500.16 1 3866
oro/pkg/memory/memory.go:500.16,502.5 1 2
oro/pkg/memory/memory.go:503.4,503.12 1 3864
oro/pkg/memory/memory.go:505.3,505.18 1 560
oro/pkg/memory/memory.go:505.18,507.4 1 560
oro/pkg/memory/memory.go:509.2,509.37 1 87
oro/pkg/memory/memory.go:513.38,515.22 2 6
oro/pkg/memory/memory.go:515.22,517.3 1 6
oro/pkg/memory/memory.go:518.2,518.22 1 6
oro/pkg/memory/memory.go:518.22,519.26 1 7
oro/pkg/memory/memory.go:519.26,521.4 1 5
oro/pkg/memory/memory.go:523.2,523.14 1 1
oro/pkg/memory/memory.go:527.46,528.42 1 85
oro/pkg/memory/memory.go:528.42,530.3 1 25
oro/pkg/memory/memory.go:534.85,536.16 2 20
oro/pkg/memory/memory.go:536.16,538.3 1 14
oro/pkg/memory/memory.go:540.2,542.16 3 20
oro/pkg/memory/memory.go:542.16,544.3 1 1
oro/pkg/memory/memory.go:545.2,545.15 1 19
oro/pkg/memory/memory.go:545.15,545.35 1 19
oro/pkg/memory/memory.go:547.2,548.18 2 19
oro/pkg/memory/memory.go:548.18,550.17 2 28
oro/pkg/memory/memory.go:550.17,552.4 1 0
oro/pkg/memory/memory.go:553.3,553.31 1 28
oro/pkg/memory/memory.go:555.2,555.35 1 19
oro/pkg/memory/memory.go:555.35,557.3 1 0
oro/pkg/memory/memory.go:558.2,558.21 1 19
oro/pkg/memory/memory.go:562.67,565.21 2 21
oro/pkg/memory/memory.go:565.21,568.3 2 2
oro/pkg/memory/memory.go:569.2,569.20 1 21
oro/pkg/memory/memory.go:569.20,572.3 2 2
oro/pkg/memory/memory.go:574.2,575.25 2 21
oro/pkg/memory/memory.go:575.25,577.3 1 3
oro/pkg/memory/memory.go:579.2,589.16 3 21
oro/pkg/memory/memory.go:593.58,600.16 3 28
oro/pkg/memory/memory.go:600.16,602.3 1 0
oro/pkg/memory/memory.go:603.2,603.21 1 28
oro/pkg/memory/memory.go:603.21,605.3 1 0
oro/pkg/memory/memory.go:606.2,606.15 1 28
oro/pkg/memory/memory.go:610.61,612.16 2 6
oro/pkg/memory/memory.go:612.16,614.3 1 1
oro/pkg/memory/memory.go:615.2,615.12 1 5
oro/pkg/memory/memory.go:619.91,624.16 2 7
oro/pkg/memory/memory.go:624.16,626.3 1 2
oro/pkg/memory/memory.go:627.2,627.12 1 5
oro/pkg/memory/memory.go:636.45,639.14 3 21
oro/pkg/memory/memory.go:639.14,641.3 1 14
oro/pkg/memory/memory.go:643.2,648.19 5 7
oro/pkg/memory/memory.go:648.19,650.3 1 3
oro/pkg/memory/memory.go:652.2,658.3 1 7
oro/pkg/memory/memory.go:663.107,667.21 3 2
oro/pkg/memory/memory.go:667.21,670.20 3 9
oro/pkg/memory/memory.go:670.20,671.12 1 7
oro/pkg/memory/memory.go:674.3,677.55 3 2
oro/pkg/memory/memory.go:677.55,679.4 1 0
oro/pkg/memory/memory.go:680.3,680.10 1 2
oro/pkg/memory/memory.go:683.2,683.38 1 2
oro/pkg/memory/memory.go:683.38,685.3 1 0
oro/pkg/memory/memory.go:687.2,687.19 1 2
oro/pkg/memory/memory.go:708.50,712.29 3 1
oro/pkg/memory/memory.go:712.29,714.17 2 11
oro/pkg/memory/memory.go:714.17,715.12 1 2
oro/pkg/memory/memory.go:717.3,717.38 1 9
oro/pkg/memory/memory.go:717.38,719.16 2 42
oro/pkg/memory/memory.go:719.16,720.13 1 35
oro/pkg/memory/memory.go:722.4,723.21 2 7
oro/pkg/memory/memory.go:723.21,724.13 1 0
oro/pkg/memory/memory.go:726.4,732.9 2 7
oro/pkg/memory/memory.go:736.2,736.16 1 1
oro/pkg/memory/memory.go:749.118,750.20 1 6
oro/pkg/memory/memory.go:750.20,752.3 1 1
oro/pkg/memory/memory.go:754.2,754.20 1 6
oro/pkg/memory/memory.go:754.20,756.3 1 1
oro/pkg/memory/memory.go:758.2,762.16 2 5
oro/pkg/memory/memory.go:762.16,764.3 1 1
oro/pkg/memory/memory.go:766.2,766.23 1 4
oro/pkg/memory/memory.go:766.23,768.3 1 1
oro/pkg/memory/memory.go:772.2,778.28 6 3
oro/pkg/memory/memory.go:778.28,779.35 1 4
oro/pkg/memory/memory.go:779.35,780.9 1 0
oro/pkg/memory/memory.go:782.3,786.40 4 4
oro/pkg/memory/memory.go:786.40,787.9 1 1
oro/pkg/memory/memory.go:789.3,791.10 3 3
oro/pkg/memory/memory.go:794.2,794.16 1 3
oro/pkg/memory/memory.go:794.16,796.3 1 0
oro/pkg/memory/memory.go:798.2,798.39 1 3
oro/pkg/memory/memory.go:802.38,804.26 2 12
oro/pkg/memory/memory.go:804.26,806.3 1 2
oro/pkg/memory/memory.go:807.2,807.10 1 10
oro/pkg/memory/memory.go:811.41,815.26 1 9
oro/pkg/memory/memory.go:815.26,817.3 1 7
oro/pkg/memory/memory.go:818.2,818.18 1 2
oro/pkg/memory/memory.go:826.107,827.35 1 6
oro/pkg/memory/memory.go:827.35,829.3 1 2
oro/pkg/memory/memory.go:830.2,830.31 1 6
oro/pkg/memory/memory.go:830.31,832.3 1 2
oro/pkg/memory/memory.go:835.2,836.16 2 6
oro/pkg/memory/memory.go:836.16,838.3 1 1
oro/pkg/memory/memory.go:841.2,842.16 2 5
oro/pkg/memory/memory.go:842.16,844.3 1 0
oro/pkg/memory/memory.go:846.2,846.28 1 5
oro/pkg/memory/memory.go:851.96,858.16 3 6
oro/pkg/memory/memory.go:858.16,860.3 1 1
oro/pkg/memory/memory.go:861.2,861.15 1 5
oro/pkg/memory/memory.go:861.15,861.35 1 5
oro/pkg/memory/memory.go:863.2,864.18 2 5
oro/pkg/memory/memory.go:864.18,867.63 3 8
oro/pkg/memory/memory.go:867.63,869.4 1 0
oro/pkg/memory/memory.go:870.3,871.30 2 8
oro/pkg/memory/memory.go:871.30,873.4 1 2
oro/pkg/memory/memory.go:875.2,875.35 1 5
oro/pkg/memory/memory.go:875.35,877.3 1 0
oro/pkg/memory/memory.go:879.2,879.12 1 5
oro/pkg/memory/memory.go:879.12,881.3 1 2
oro/pkg/memory/memory.go:883.2,883.25 1 3
oro/pkg/memory/memory.go:883.25,884.47 1 1
oro/pkg/memory/memory.go:884.47,886.4 1 0
oro/pkg/memory/memory.go:889.2,889.22 1 3
oro/pkg/memory/memory.go:894.79,898.27 3 4
oro/pkg/memory/memory.go:898.27,901.3 2 2
oro/pkg/memory/memory.go:903.2,903.92 1 4
oro/pkg/memory/memory.go:903.92,905.3 1 1
oro/pkg/memory/memory.go:907.2,907.52 1 3
oro/pkg/memory/memory.go:907.52,909.3 1 0
oro/pkg/memory/memory.go:911.2,911.12 1 3
oro/pkg/memory/memory.go:914.102,916.16 2 5
oro/pkg/memory/memory.go:916.16,918.3 1 0
oro/pkg/memory/memory.go:920.2,923.21 3 5
oro/pkg/memory/memory.go:923.21,924.25 1 7
oro/pkg/memory/memory.go:924.25,925.12 1 2
oro/pkg/memory/memory.go:928.3,929.17 2 5
oro/pkg/memory/memory.go:929.17,930.12 1 0
oro/pkg/memory/memory.go:933.3,933.29 1 5
oro/pkg/memory/memory.go:933.29,934.65 1 7
oro/pkg/memory/memory.go:934.65,935.13 1 5
oro/pkg/memory/memory.go:938.4,938.15 1 2
oro/pkg/memory/memory.go:938.15,939.67 1 1
oro/pkg/memory/memory.go:939.67,941.6 1 0
oro/pkg/memory/memory.go:944.4,945.24 2 2
oro/pkg/memory/memory.go:949.2,949.20 1 5
oro/pkg/dispatcher/dispatcher.go:112.40,114.25 2 45
oro/pkg/dispatcher/dispatcher.go:114.25,116.3 1 1
oro/pkg/dispatcher/dispatcher.go:117.2,117.31 1 45
oro/pkg/dispatcher/dispatcher.go:117.31,119.3 1 1
oro/pkg/dispatcher/dispatcher.go:120.2,120.27 1 45
oro/pkg/dispatcher/dispatcher.go:120.27,122.3 1 1
oro/pkg/dispatcher/dispatcher.go:123.2,123.12 1 45
oro/pkg/dispatcher/dispatcher.go:149.151,164.2 2 44
oro/pkg/dispatcher/dispatcher.go:167.39,171.2 3 185
oro/pkg/dispatcher/dispatcher.go:174.40,178.2 3 26
oro/pkg/dispatcher/dispatcher.go:187.53,189.69 1 27
oro/pkg/dispatcher/dispatcher.go:189.69,191.3 1 0
oro/pkg/dispatcher/dispatcher.go:194.2,195.16 2 27
oro/pkg/dispatcher/dispatcher.go:195.16,197.3 1 0
oro/pkg/dispatcher/dispatcher.go:198.2,217.12 10 27
oro/pkg/dispatcher/dispatcher.go:223.71,224.6 1 27
oro/pkg/dispatcher/dispatcher.go:224.6,226.17 2 53
oro/pkg/dispatcher/dispatcher.go:226.17,227.24 1 27
oro/pkg/dispatcher/dispatcher.go:227.24,229.5 1 27
oro/pkg/dispatcher/dispatcher.go:230.4,230.12 1 0
oro/pkg/dispatcher/dispatcher.go:232.3,232.29 1 26
oro/pkg/dispatcher/dispatcher.go:237.69,241.15 3 26
oro/pkg/dispatcher/dispatcher.go:241.15,243.21 2 26
oro/pkg/dispatcher/dispatcher.go:243.21,247.4 3 26
oro/pkg/dispatcher/dispatcher.go:250.2,250.21 1 26
oro/pkg/dispatcher/dispatcher.go:250.21,251.23 1 39
oro/pkg/dispatcher/dispatcher.go:251.23,253.4 1 0
oro/pkg/dispatcher/dispatcher.go:254.3,255.63 2 39
oro/pkg/dispatcher/dispatcher.go:255.63,256.12 1 0
oro/pkg/dispatcher/dispatcher.go:260.3,260.21 1 39
oro/pkg/dispatcher/dispatcher.go:260.21,262.22 2 26
oro/pkg/dispatcher/dispatcher.go:262.22,264.5 1 26
oro/pkg/dispatcher/dispatcher.go:267.3,267.38 1 39
oro/pkg/dispatcher/dispatcher.go:272.51,273.9 1 35
oro/pkg/dispatcher/dispatcher.go:274.28,275.32 1 24
oro/pkg/dispatcher/dispatcher.go:276.25,277.29 1 1
oro/pkg/dispatcher/dispatcher.go:278.23,279.27 1 1
oro/pkg/dispatcher/dispatcher.go:280.26,281.30 1 1
oro/pkg/dispatcher/dispatcher.go:282.33,283.37 1 1
oro/pkg/dispatcher/dispatcher.go:284.28,285.32 1 4
oro/pkg/dispatcher/dispatcher.go:286.35,287.39 1 1
oro/pkg/dispatcher/dispatcher.go:288.10,289.12 1 2
oro/pkg/dispatcher/dispatcher.go:294.63,297.41 3 28
oro/pkg/dispatcher/dispatcher.go:297.41,305.3 1 27
oro/pkg/dispatcher/dispatcher.go:305.8,309.3 3 1
oro/pkg/dispatcher/dispatcher.go:315.96,316.18 1 40
oro/pkg/dispatcher/dispatcher.go:317.29,318.40 1 24
oro/pkg/dispatcher/dispatcher.go:319.26,320.37 1 1
oro/pkg/dispatcher/dispatcher.go:321.24,322.35 1 5
oro/pkg/dispatcher/dispatcher.go:323.27,324.38 1 3
oro/pkg/dispatcher/dispatcher.go:325.34,326.45 1 3
oro/pkg/dispatcher/dispatcher.go:327.29,328.40 1 3
oro/pkg/dispatcher/dispatcher.go:329.36,330.47 1 1
oro/pkg/dispatcher/dispatcher.go:334.98,335.26 1 25
oro/pkg/dispatcher/dispatcher.go:335.26,337.3 1 1
oro/pkg/dispatcher/dispatcher.go:338.2,339.38 2 24
oro/pkg/dispatcher/dispatcher.go:339.38,341.3 1 24
oro/pkg/dispatcher/dispatcher.go:342.2,344.80 2 24
oro/pkg/dispatcher/dispatcher.go:347.95,348.23 1 2
oro/pkg/dispatcher/dispatcher.go:348.23,350.3 1 1
oro/pkg/dispatcher/dispatcher.go:351.2,352.80 1 1
oro/pkg/dispatcher/dispatcher.go:355.93,356.21 1 7
oro/pkg/dispatcher/dispatcher.go:356.21,358.3 1 1
oro/pkg/dispatcher/dispatcher.go:359.2,364.33 3 6
oro/pkg/dispatcher/dispatcher.go:364.33,370.9 4 1
oro/pkg/dispatcher/dispatcher.go:370.9,381.4 3 1
oro/pkg/dispatcher/dispatcher.go:382.3,383.9 2 1
oro/pkg/dispatcher/dispatcher.go:387.2,390.8 4 5
oro/pkg/dispatcher/dispatcher.go:390.8,395.3 4 4
oro/pkg/dispatcher/dispatcher.go:396.2,398.27 2 5
oro/pkg/dispatcher/dispatcher.go:398.27,400.3 1 1
oro/pkg/dispatcher/dispatcher.go:403.2,403.64 1 4
oro/pkg/dispatcher/dispatcher.go:407.103,413.16 2 4
oro/pkg/dispatcher/dispatcher.go:413.16,415.35 2 2
oro/pkg/dispatcher/dispatcher.go:415.35,425.4 3 1
oro/pkg/dispatcher/dispatcher.go:427.3,429.9 3 1
oro/pkg/dispatcher/dispatcher.go:433.2,435.47 2 2
oro/pkg/dispatcher/dispatcher.go:438.96,439.24 1 5
oro/pkg/dispatcher/dispatcher.go:439.24,441.3 1 1
oro/pkg/dispatcher/dispatcher.go:442.2,453.8 7 4
oro/pkg/dispatcher/dispatcher.go:453.8,458.3 4 3
oro/pkg/dispatcher/dispatcher.go:459.2,461.20 2 4
oro/pkg/dispatcher/dispatcher.go:461.20,463.3 1 1
oro/pkg/dispatcher/dispatcher.go:466.2,466.76 1 3
oro/pkg/dispatcher/dispatcher.go:471.93,472.23 1 4
oro/pkg/dispatcher/dispatcher.go:472.23,474.3 1 0
oro/pkg/dispatcher/dispatcher.go:476.2,476.39 1 4
oro/pkg/dispatcher/dispatcher.go:476.39,485.3 1 2
oro/pkg/dispatcher/dispatcher.go:487.2,487.39 1 4
oro/pkg/dispatcher/dispatcher.go:487.39,496.3 1 1
oro/pkg/dispatcher/dispatcher.go:499.103,500.31 1 5
oro/pkg/dispatcher/dispatcher.go:500.31,502.3 1 1
oro/pkg/dispatcher/dispatcher.go:503.2,510.8 6 4
oro/pkg/dispatcher/dispatcher.go:510.8,513.3 2 3
oro/pkg/dispatcher/dispatcher.go:514.2,516.20 2 4
oro/pkg/dispatcher/dispatcher.go:516.20,518.3 1 1
oro/pkg/dispatcher/dispatcher.go:521.2,527.58 2 3
oro/pkg/dispatcher/dispatcher.go:531.115,532.9 1 5
oro/pkg/dispatcher/dispatcher.go:533.20,534.9 1 1
oro/pkg/dispatcher/dispatcher.go:535.28,536.25 1 4
oro/pkg/dispatcher/dispatcher.go:537.28,538.84 1 2
oro/pkg/dispatcher/dispatcher.go:540.28,545.10 4 1
oro/pkg/dispatcher/dispatcher.go:545.10,554.5 2 1
oro/pkg/dispatcher/dispatcher.go:555.4,555.17 1 1
oro/pkg/dispatcher/dispatcher.go:556.11,558.104 2 1
oro/pkg/dispatcher/dispatcher.go:563.98,564.26 1 5
oro/pkg/dispatcher/dispatcher.go:564.26,566.3 1 1
oro/pkg/dispatcher/dispatcher.go:568.2,572.8 4 4
oro/pkg/dispatcher/dispatcher.go:572.8,575.30 3 3
oro/pkg/dispatcher/dispatcher.go:576.18,577.24 1 2
oro/pkg/dispatcher/dispatcher.go:578.11,579.24 1 1
oro/pkg/dispatcher/dispatcher.go:582.2,585.56 2 4
oro/pkg/dispatcher/dispatcher.go:585.56,587.3 1 1
oro/pkg/dispatcher/dispatcher.go:590.105,591.33 1 2
oro/pkg/dispatcher/dispatcher.go:591.33,593.3 1 1
oro/pkg/dispatcher/dispatcher.go:595.2,600.8 4 1
oro/pkg/dispatcher/dispatcher.go:600.8,604.3 3 1
oro/pkg/dispatcher/dispatcher.go:605.2,605.15 1 1
oro/pkg/dispatcher/dispatcher.go:611.85,614.9 3 3
oro/pkg/dispatcher/dispatcher.go:614.9,617.3 2 1
oro/pkg/dispatcher/dispatcher.go:618.2,627.12 3 2
oro/pkg/dispatcher/dispatcher.go:627.12,634.7 5 2
oro/pkg/dispatcher/dispatcher.go:634.7,635.11 1 44
oro/pkg/dispatcher/dispatcher.go:636.19,640.11 3 2
oro/pkg/dispatcher/dispatcher.go:640.11,644.6 3 1
oro/pkg/dispatcher/dispatcher.go:645.5,646.11 2 2
oro/pkg/dispatcher/dispatcher.go:647.20,653.17 5 42
oro/pkg/dispatcher/dispatcher.go:653.17,655.6 1 0
oro/pkg/dispatcher/dispatcher.go:664.54,668.6 3 27
oro/pkg/dispatcher/dispatcher.go:668.6,669.10 1 92
oro/pkg/dispatcher/dispatcher.go:670.21,671.10 1 27
oro/pkg/dispatcher/dispatcher.go:672.19,673.20 1 65
oro/pkg/dispatcher/dispatcher.go:679.53,681.34 1 65
oro/pkg/dispatcher/dispatcher.go:681.34,683.3 1 38
oro/pkg/dispatcher/dispatcher.go:686.2,688.30 3 27
oro/pkg/dispatcher/dispatcher.go:688.30,689.28 1 23
oro/pkg/dispatcher/dispatcher.go:689.28,691.4 1 19
oro/pkg/dispatcher/dispatcher.go:693.2,695.20 2 27
oro/pkg/dispatcher/dispatcher.go:695.20,697.3 1 10
oro/pkg/dispatcher/dispatcher.go:700.2,701.16 2 17
oro/pkg/dispatcher/dispatcher.go:701.16,703.3 1 0
oro/pkg/dispatcher/dispatcher.go:706.2,706.29 1 17
oro/pkg/dispatcher/dispatcher.go:706.29,707.21 1 19
oro/pkg/dispatcher/dispatcher.go:707.21,708.9 1 0
oro/pkg/dispatcher/dispatcher.go:710.3,710.35 1 19
oro/pkg/dispatcher/dispatcher.go:717.83,719.16 2 19
oro/pkg/dispatcher/dispatcher.go:719.16,722.3 2 0
oro/pkg/dispatcher/dispatcher.go:724.2,730.23 4 19
oro/pkg/dispatcher/dispatcher.go:730.23,732.3 1 19
oro/pkg/dispatcher/dispatcher.go:734.2,746.15 6 19
oro/pkg/dispatcher/dispatcher.go:752.55,756.6 3 27
oro/pkg/dispatcher/dispatcher.go:756.6,757.10 1 92
oro/pkg/dispatcher/dispatcher.go:758.21,759.10 1 27
oro/pkg/dispatcher/dispatcher.go:760.19,761.26 1 65
oro/pkg/dispatcher/dispatcher.go:767.59,769.16 2 66
oro/pkg/dispatcher/dispatcher.go:769.16,771.3 1 1
oro/pkg/dispatcher/dispatcher.go:773.2,773.27 1 65
oro/pkg/dispatcher/dispatcher.go:773.27,775.19 2 23
oro/pkg/dispatcher/dispatcher.go:775.19,777.12 2 1
oro/pkg/dispatcher/dispatcher.go:780.3,783.51 3 22
oro/pkg/dispatcher/dispatcher.go:788.61,789.13 1 26
oro/pkg/dispatcher/dispatcher.go:790.31,791.27 1 20
oro/pkg/dispatcher/dispatcher.go:792.30,793.28 1 2
oro/pkg/dispatcher/dispatcher.go:794.31,795.26 1 2
oro/pkg/dispatcher/dispatcher.go:796.31,798.27 1 2
oro/pkg/dispatcher/dispatcher.go:805.57,809.6 3 27
oro/pkg/dispatcher/dispatcher.go:809.6,810.10 1 39
oro/pkg/dispatcher/dispatcher.go:811.21,812.10 1 27
oro/pkg/dispatcher/dispatcher.go:813.19,814.26 1 12
oro/pkg/dispatcher/dispatcher.go:820.59,824.31 4 12
oro/pkg/dispatcher/dispatcher.go:824.31,825.76 1 11
oro/pkg/dispatcher/dispatcher.go:825.76,827.4 1 1
oro/pkg/dispatcher/dispatcher.go:830.2,830.26 1 12
oro/pkg/dispatcher/dispatcher.go:830.26,835.3 4 1
oro/pkg/dispatcher/dispatcher.go:836.2,836.15 1 12
oro/pkg/dispatcher/dispatcher.go:841.108,845.16 2 98
oro/pkg/dispatcher/dispatcher.go:845.16,847.3 1 1
oro/pkg/dispatcher/dispatcher.go:848.2,848.12 1 97
oro/pkg/dispatcher/dispatcher.go:853.114,857.16 2 2
oro/pkg/dispatcher/dispatcher.go:857.16,859.3 1 1
oro/pkg/dispatcher/dispatcher.go:860.2,860.12 1 1
oro/pkg/dispatcher/dispatcher.go:863.101,867.16 2 20
oro/pkg/dispatcher/dispatcher.go:867.16,869.3 1 1
oro/pkg/dispatcher/dispatcher.go:870.2,870.12 1 19
oro/pkg/dispatcher/dispatcher.go:873.83,877.16 2 3
oro/pkg/dispatcher/dispatcher.go:877.16,879.3 1 1
oro/pkg/dispatcher/dispatcher.go:880.2,880.12 1 2
oro/pkg/dispatcher/dispatcher.go:883.90,886.16 2 67
oro/pkg/dispatcher/dispatcher.go:886.16,888.3 1 2
oro/pkg/dispatcher/dispatcher.go:889.2,889.15 1 65
oro/pkg/dispatcher/dispatcher.go:889.15,889.35 1 65
oro/pkg/dispatcher/dispatcher.go:891.2,892.18 2 65
oro/pkg/dispatcher/dispatcher.go:892.18,894.106 2 23
oro/pkg/dispatcher/dispatcher.go:894.106,896.4 1 0
oro/pkg/dispatcher/dispatcher.go:897.3,897.25 1 23
oro/pkg/dispatcher/dispatcher.go:899.2,899.35 1 65
oro/pkg/dispatcher/dispatcher.go:899.35,901.3 1 0
oro/pkg/dispatcher/dispatcher.go:902.2,902.18 1 65
oro/pkg/dispatcher/dispatcher.go:905.80,908.16 2 24
oro/pkg/dispatcher/dispatcher.go:908.16,910.3 1 1
oro/pkg/dispatcher/dispatcher.go:911.2,911.12 1 23
oro/pkg/dispatcher/dispatcher.go:917.81,919.16 2 29
oro/pkg/dispatcher/dispatcher.go:919.16,921.3 1 0
oro/pkg/dispatcher/dispatcher.go:922.2,924.16 3 29
oro/pkg/dispatcher/dispatcher.go:924.16,926.3 1 1
oro/pkg/dispatcher/dispatcher.go:927.2,927.12 1 28
oro/pkg/dispatcher/dispatcher.go:931.45,935.2 3 47
oro/pkg/dispatcher/dispatcher.go:938.88,942.13 4 10
oro/pkg/dispatcher/dispatcher.go:942.13,944.3 1 3
oro/pkg/dispatcher/dispatcher.go:945.2,945.32 1 7
oro/pkg/worker/buffer.go:21.52,26.2 1 89
oro/pkg/worker/buffer.go:30.51,34.26 3 9
oro/pkg/worker/buffer.go:34.26,38.3 2 2
oro/pkg/worker/buffer.go:38.8,40.3 1 7
oro/pkg/worker/buffer.go:44.52,48.22 3 10
oro/pkg/worker/buffer.go:48.22,50.3 1 7
oro/pkg/worker/buffer.go:51.2,54.12 4 3
oro/pkg/worker/buffer.go:58.35,62.2 3 3
oro/pkg/worker/worker.go:70.77,72.16 2 9
oro/pkg/worker/worker.go:72.16,74.3 1 1
oro/pkg/worker/worker.go:75.2,82.8 1 8
oro/pkg/worker/worker.go:86.79,94.2 1 79
oro/pkg/worker/worker.go:97.58,101.2 3 7
oro/pkg/worker/worker.go:106.50,110.2 3 2
oro/pkg/worker/worker.go:113.39,117.2 3 2
oro/pkg/worker/worker.go:121.49,124.6 2 86
oro/pkg/worker/worker.go:124.6,125.10 1 102
oro/pkg/worker/worker.go:126.21,128.14 2 67
oro/pkg/worker/worker.go:130.23,131.66 1 24
oro/pkg/worker/worker.go:131.66,133.5 1 8
oro/pkg/worker/worker.go:135.23,136.44 1 11
oro/pkg/worker/worker.go:144.86,149.12 4 86
oro/pkg/worker/worker.go:149.12,150.22 1 86
oro/pkg/worker/worker.go:150.22,152.64 2 25
oro/pkg/worker/worker.go:152.64,153.13 1 1
oro/pkg/worker/worker.go:155.4,155.16 1 24
oro/pkg/worker/worker.go:157.3,157.39 1 86
oro/pkg/worker/worker.go:157.39,159.4 1 51
oro/pkg/worker/worker.go:159.9,161.4 1 35
oro/pkg/worker/worker.go:164.2,164.21 1 86
oro/pkg/worker/worker.go:171.78,172.22 1 11
oro/pkg/worker/worker.go:172.22,174.3 1 1
oro/pkg/worker/worker.go:175.2,175.24 1 10
oro/pkg/worker/worker.go:175.24,178.3 1 2
oro/pkg/worker/worker.go:179.2,179.53 1 8
oro/pkg/worker/worker.go:179.53,181.3 1 1
oro/pkg/worker/worker.go:183.2,183.19 1 7
oro/pkg/worker/worker.go:187.89,188.18 1 24
oro/pkg/worker/worker.go:189.26,190.41 1 18
oro/pkg/worker/worker.go:191.28,193.19 2 3
oro/pkg/worker/worker.go:194.35,195.43 1 2
oro/pkg/worker/worker.go:196.10,198.20 1 1
oro/pkg/worker/worker.go:205.97,206.32 1 2
oro/pkg/worker/worker.go:206.32,210.3 2 1
oro/pkg/worker/worker.go:213.2,221.18 4 1
oro/pkg/worker/worker.go:226.80,227.23 1 18
oro/pkg/worker/worker.go:227.23,229.3 1 1
oro/pkg/worker/worker.go:231.2,239.16 8 17
oro/pkg/worker/worker.go:239.16,241.3 1 1
oro/pkg/worker/worker.go:243.2,248.19 4 16
oro/pkg/worker/worker.go:248.19,250.3 1 3
oro/pkg/worker/worker.go:253.2,253.57 1 16
oro/pkg/worker/worker.go:253.57,255.3 1 1
oro/pkg/worker/worker.go:258.2,261.12 2 15
oro/pkg/worker/worker.go:261.12,263.3 1 15
oro/pkg/worker/worker.go:265.2,265.12 1 15
oro/pkg/worker/worker.go:270.75,271.15 1 3
oro/pkg/worker/worker.go:271.15,271.37 1 3
oro/pkg/worker/worker.go:273.2,274.21 2 3
oro/pkg/worker/worker.go:274.21,286.19 9 12
oro/pkg/worker/worker.go:286.19,287.57 1 10
oro/pkg/worker/worker.go:287.57,291.5 3 2
oro/pkg/worker/worker.go:298.63,306.32 7 8
oro/pkg/worker/worker.go:306.32,308.3 1 6
oro/pkg/worker/worker.go:310.2,311.25 2 2
oro/pkg/worker/worker.go:311.25,315.3 3 4
oro/pkg/worker/worker.go:320.50,322.2 1 18
oro/pkg/worker/worker.go:326.52,333.6 6 15
oro/pkg/worker/worker.go:333.6,334.10 1 39
oro/pkg/worker/worker.go:335.21,336.10 1 13
oro/pkg/worker/worker.go:337.19,342.16 4 26
oro/pkg/worker/worker.go:342.16,343.13 1 6
oro/pkg/worker/worker.go:346.4,348.18 3 20
oro/pkg/worker/worker.go:348.18,350.13 1 8
oro/pkg/worker/worker.go:353.4,354.18 2 12
oro/pkg/worker/worker.go:354.18,355.13 1 5
oro/pkg/worker/worker.go:358.4,358.37 1 7
oro/pkg/worker/worker.go:358.37,362.5 3 2
oro/pkg/worker/worker.go:368.29,371.19 3 74
oro/pkg/worker/worker.go:371.19,374.3 2 15
oro/pkg/worker/worker.go:380.55,385.6 4 8
oro/pkg/worker/worker.go:385.6,386.10 1 9
oro/pkg/worker/worker.go:387.21,388.56 1 0
oro/pkg/worker/worker.go:389.11,389.11 0 9
oro/pkg/worker/worker.go:392.3,395.10 3 9
oro/pkg/worker/worker.go:396.21,397.56 1 1
oro/pkg/worker/worker.go:398.27,398.27 0 8
oro/pkg/worker/worker.go:401.3,402.17 2 8
oro/pkg/worker/worker.go:402.17,403.12 1 1
oro/pkg/worker/worker.go:406.3,411.20 6 7
oro/pkg/worker/worker.go:411.20,413.4 1 5
oro/pkg/worker/worker.go:414.3,427.50 4 7
oro/pkg/worker/worker.go:427.50,428.12 1 0
oro/pkg/worker/worker.go:431.3,431.13 1 7
oro/pkg/worker/worker.go:437.58,442.18 4 38
oro/pkg/worker/worker.go:442.18,445.3 2 2
oro/pkg/worker/worker.go:447.2,448.16 2 36
oro/pkg/worker/worker.go:448.16,450.3 1 0
oro/pkg/worker/worker.go:451.2,457.44 5 36
oro/pkg/worker/worker.go:457.44,459.3 1 2
oro/pkg/worker/worker.go:460.2,460.12 1 34
oro/pkg/worker/worker.go:464.73,477.2 4 4
oro/pkg/worker/worker.go:480.76,494.2 4 17
oro/pkg/worker/worker.go:498.78,513.2 5 3
oro/pkg/worker/worker.go:520.57,533.20 7 5
oro/pkg/worker/worker.go:533.20,539.3 5 4
oro/pkg/worker/worker.go:541.2,544.4 1 5
oro/pkg/worker/worker.go:549.48,551.16 2 12
oro/pkg/worker/worker.go:551.16,553.3 1 6
oro/pkg/worker/worker.go:554.2,555.54 2 6
oro/pkg/worker/worker.go:555.54,557.3 1 0
oro/pkg/worker/worker.go:558.2,558.15 1 6
oro/pkg/worker/worker.go:563.41,565.16 2 4
oro/pkg/worker/worker.go:565.16,567.3 1 2
oro/pkg/worker/worker.go:568.2,568.40 1 2
oro/pkg/worker/worker.go:573.64,580.2 1 1
oro/pkg/worker/worker.go:583.62,595.2 4 1
oro/pkg/worker/worker.go:600.73,602.47 2 3
oro/pkg/worker/worker.go:602.47,604.3 1 1
oro/pkg/worker/worker.go:606.2,609.34 3 2
oro/pkg/worker/worker.go:609.34,612.31 2 1
oro/pkg/worker/worker.go:612.31,614.4 1 1
oro/pkg/worker/worker.go:615.3,615.56 1 0
oro/pkg/worker/worker.go:617.2,617.18 1 1
oro/pkg/worker/worker.go:625.108,631.16 5 0
oro/pkg/worker/worker.go:631.16,633.3 1 0
oro/pkg/worker/worker.go:635.2,635.36 1 0
oro/pkg/worker/worker.go:635.36,637.3 1 0
oro/pkg/worker/worker.go:638.2,638.47 1 0
oro/pkg/worker/worker.go:647.35,648.37 1 0
oro/pkg/worker/worker.go:648.37,650.3 1 0
oro/pkg/worker/worker.go:651.2,651.12 1 0
oro/pkg/worker/worker.go:655.35,656.26 1 0
oro/pkg/worker/worker.go:656.26,658.3 1 0
oro/pkg/worker/worker.go:659.2,659.45 1 0
oro/pkg/worker/worker.go:659.45,661.3 1 0
oro/pkg/worker/worker.go:662.2,662.12 1 0
